<?xml version="1.0" encoding="UTF-8"?>
<!-- Generated by org.testng.reporters.JUnitReportReporter -->
<testsuite skipped="0" hostname="DESKTOP-UDR42BG" name="MagentoTest" tests="1" failures="0" timestamp="21 Jan 2019 11:57:38 GMT" time="45.812" errors="0">
  <testcase name="magento" time="45.812" classname="MagentoTest"/>
</testsuite> <!-- MagentoTest -->
